[04:49:49] [ServerMain/INFO]: Environment: Environment[sessionHost=https://sessionserver.mojang.com, servicesHost=https://api.minecraftservices.com, name=PROD]
[04:49:52] [ServerMain/INFO]: Loaded 1290 recipes
[04:49:52] [ServerMain/INFO]: Loaded 1399 advancements
[04:49:53] [Server thread/INFO]: Starting minecraft server version 1.21
[04:49:53] [Server thread/INFO]: Loading properties
[04:49:53] [Server thread/INFO]: Default game type: SURVIVAL
[04:49:53] [Server thread/INFO]: Generating keypair
[04:49:53] [Server thread/INFO]: Starting Minecraft server on *:25565
[04:49:53] [Server thread/INFO]: Using epoll channel type
[04:49:53] [Server thread/WARN]: **** SERVER IS RUNNING IN OFFLINE/INSECURE MODE!
[04:49:53] [Server thread/WARN]: The server will make no attempt to authenticate usernames. Beware.
[04:49:53] [Server thread/WARN]: While this makes the game possible to play without internet access, it also opens up the ability for hackers to connect with any username they choose.
[04:49:53] [Server thread/WARN]: To change this, set "online-mode" to "true" in the server.properties file.
[04:49:53] [Server thread/INFO]: Preparing level "world"
[04:50:02] [Server thread/INFO]: Preparing start region for dimension minecraft:overworld
[04:50:02] [Worker-Main-1/INFO]: Preparing spawn area: 0%
[04:50:02] [Worker-Main-1/INFO]: Preparing spawn area: 0%
[04:50:03] [Server thread/INFO]: Time elapsed: 687 ms
[04:50:03] [Server thread/INFO]: Done (9.535s)! For help, type "help"
[04:50:03] [Server thread/INFO]: biviri (/100.115.59.102:59404) lost connection: Disconnected
[04:50:03] [Server thread/INFO]: CoriHB (/100.118.198.84:55040) lost connection: Disconnected
[04:50:07] [Server thread/INFO]: CevITO69[/100.75.127.87:58082] logged in with entity id 54 at (707.5558712040886, 45.0, 767.3882608354604)
[04:50:07] [Server thread/INFO]: CevITO69 joined the game
[04:50:08] [Server thread/INFO]: CoriHB[/100.118.198.84:55041] logged in with entity id 55 at (952.8014434314192, 79.0, 317.69999998807907)
[04:50:08] [Server thread/INFO]: CoriHB joined the game
[04:50:09] [Server thread/INFO]: biviri[/100.115.59.102:59447] logged in with entity id 206 at (117.88113669212414, 60.68712293005369, -104.97151143835475)
[04:50:09] [Server thread/INFO]: biviri joined the game
[04:50:18] [Server thread/WARN]: Can't keep up! Is the server overloaded? Running 2039ms or 40 ticks behind
[04:50:36] [Server thread/WARN]: Can't keep up! Is the server overloaded? Running 2956ms or 59 ticks behind
[04:50:54] [Server thread/WARN]: Can't keep up! Is the server overloaded? Running 2047ms or 40 ticks behind
[04:53:02] [Server thread/WARN]: biviri moved too quickly! 9.882091780940641,-1.003967839911212,-2.4654586394586033
[04:53:47] [Server thread/WARN]: Mismatch in destroy block pos: jd{x=1144, y=64, z=-183} jd{x=1144, y=62, z=-183}
[04:53:47] [Server thread/WARN]: Mismatch in destroy block pos: jd{x=1144, y=64, z=-183} jd{x=1144, y=62, z=-183}
[04:53:47] [Server thread/WARN]: Mismatch in destroy block pos: jd{x=1145, y=64, z=-183} jd{x=1146, y=62, z=-184}
[04:53:47] [Server thread/WARN]: Mismatch in destroy block pos: jd{x=1145, y=64, z=-183} jd{x=1146, y=62, z=-184}
[04:57:13] [Server thread/INFO]: CoriHB has made the advancement [Suit Up]
